Построение начато 23.03.2016 19:07:30.
     1>Проект "C:\Users\Dima\Documents\Visual Studio 2010\Projects\Tanks\Tanks\Tanks.vcxproj" в узле 2 (целевые объекты build).
     1>PrepareForBuild:
         Создание каталога "C:\Users\Dima\Documents\Visual Studio 2010\Projects\Tanks\Debug\".
       InitializeBuildStatus:
         Создание "Debug\Tanks.unsuccessfulbuild", так как было задано "AlwaysCreate".
       ClCompile:
         Для всех выходных данных обновления не требуется.
       Link:
         C:\Program Files (x86)\Microsoft Visual Studio 10.0\VC\bin\link.exe /ERRORREPORT:PROMPT /OUT:"C:\Users\Dima\Documents\Visual Studio 2010\Projects\Tanks\Debug\Tanks.exe" /NOLOGO SDL.lib SDLmain.lib kernel32.lib user32.lib gdi32.lib winspool.lib comdlg32.lib advapi32.lib shell32.lib ole32.lib oleaut32.lib uuid.lib odbc32.lib odbccp32.lib /MANIFEST /ManifestFile:"Debug\Tanks.exe.intermediate.manifest" /MANIFESTUAC:"level='asInvoker' uiAccess='false'" /DEBUG /PDB:"C:\Users\Dima\Documents\Visual Studio 2010\Projects\Tanks\Debug\Tanks.pdb" /SUBSYSTEM:WINDOWS /TLBID:1 /DYNAMICBASE /NXCOMPAT /IMPLIB:"C:\Users\Dima\Documents\Visual Studio 2010\Projects\Tanks\Debug\Tanks.lib" /MACHINE:X86 Debug\bullet.obj
         Debug\CAnimation.obj
         Debug\CEntity.obj
         Debug\CSurface.obj
         Debug\main.obj
         Debug\my_func.obj
         Debug\tank.obj
         Tanks.vcxproj -> C:\Users\Dima\Documents\Visual Studio 2010\Projects\Tanks\Debug\Tanks.exe
       Manifest:
         C:\Program Files (x86)\Microsoft SDKs\Windows\v7.0A\bin\mt.exe /nologo /verbose /outputresource:"C:\Users\Dima\Documents\Visual Studio 2010\Projects\Tanks\Debug\Tanks.exe;#1" /manifest Debug\Tanks.exe.intermediate.manifest
       FinalizeBuildStatus:
         Файл "Debug\Tanks.unsuccessfulbuild" удаляется.
         Обращение к "Debug\Tanks.lastbuildstate".
     1>Построение проекта "C:\Users\Dima\Documents\Visual Studio 2010\Projects\Tanks\Tanks\Tanks.vcxproj" завершено (целевые объекты build).

Построение успешно завершено.

Затраченное время: 00:00:02.28
